[debug] [2019-02-02T00:22:56.727Z] ----------------------------------------------------------------------
[debug] [2019-02-02T00:22:56.733Z] Command:       /usr/local/bin/node /usr/local/bin/firebase init
[debug] [2019-02-02T00:22:56.733Z] CLI Version:   6.3.1
[debug] [2019-02-02T00:22:56.733Z] Platform:      darwin
[debug] [2019-02-02T00:22:56.733Z] Node Version:  v10.14.2
[debug] [2019-02-02T00:22:56.734Z] Time:          Fri Feb 01 2019 16:22:56 GMT-0800 (Pacific Standard Time)
[debug] [2019-02-02T00:22:56.734Z] ----------------------------------------------------------------------
[debug]
[debug] [2019-02-02T00:22:56.751Z] > command requires scopes: ["email","openid","https://www.googleapis.com/auth/cloudplatformprojects.readonly","https://www.googleapis.com/auth/firebase","https://www.googleapis.com/auth/cloud-platform"]
[debug] [2019-02-02T00:22:56.752Z] > authorizing via signed-in user
[info]
     ######## #### ########  ######## ########     ###     ######  ########
     ##        ##  ##     ## ##       ##     ##  ##   ##  ##       ##
     ######    ##  ########  ######   ########  #########  ######  ######
     ##        ##  ##    ##  ##       ##     ## ##     ##       ## ##
     ##       #### ##     ## ######## ########  ##     ##  ######  ########

You're about to initialize a Firebase project in this directory:

  /Users/kaveh/Desktop/Epicodus/angular/BBC-Website-Rebuild

[info]
=== Project Setup
[info]
[info] First, let's associate this project directory with a Firebase project.
[info] You can create multiple project aliases by running firebase use --add,
[info] but for now we'll just set up a default project.
[info]
[debug] [2019-02-02T00:23:32.489Z] > refreshing access token with scopes: ["email","https://www.googleapis.com/auth/cloud-platform","https://www.googleapis.com/auth/cloudplatformprojects.readonly","https://www.googleapis.com/auth/firebase","openid"]
[debug] [2019-02-02T00:23:32.490Z] >>> HTTP REQUEST POST https://www.googleapis.com/oauth2/v3/token
 <request body omitted>
[debug] [2019-02-02T00:23:32.743Z] <<< HTTP RESPONSE 200
[debug] [2019-02-02T00:23:32.758Z] >>> HTTP REQUEST GET https://firebase.googleapis.com/v1beta1/projects?page_size=100

[debug] [2019-02-02T00:23:33.366Z] <<< HTTP RESPONSE 200
[info] i  Using project bbc-rebuild-website (bbc-rebuild-website)
[info]
=== Database Setup
[info]
[info] Firebase Realtime Database Rules allow you to define how your data should be
[info] structured and when your data can be read from and written to.
[info]
[debug] [2019-02-02T00:24:21.259Z] >>> HTTP REQUEST GET https://bbc-rebuild-website.firebaseio.com/.settings/rules.json

[debug] [2019-02-02T00:24:22.750Z] <<< HTTP RESPONSE 200
[info] ✔  Database Rules for bbc-rebuild-website have been downloaded to database.rules.json.
[info] Future modifications to database.rules.json will update Database Rules when you run
[info] firebase deploy.
[info]
=== Hosting Setup
[info]
[info] Your public directory is the folder (relative to your project directory) that
[info] will contain Hosting assets to be uploaded with firebase deploy. If you
[info] have a build process for your assets, use your build's output directory.
[info]
